[0m16:19:28.396552 [debug] [MainThread]: Sending event: {'category': 'dbt', 'action': 'invocation', 'label': 'start', 'context': [<snowplow_tracker.self_describing_json.SelfDescribingJson object at 0x000001EEB44C1520>, <snowplow_tracker.self_describing_json.SelfDescribingJson object at 0x000001EEB47C1640>, <snowplow_tracker.self_describing_json.SelfDescribingJson object at 0x000001EEB603DD00>]}


============================== 16:19:28.421222 | 3b609bcc-5012-44cf-b362-6ac7d948059e ==============================
[0m16:19:28.421222 [info ] [MainThread]: Running with dbt=1.10.5
[0m16:19:28.423708 [debug] [MainThread]: running dbt with arguments {'printer_width': '80', 'indirect_selection': 'eager', 'write_json': 'True', 'log_cache_events': 'False', 'partial_parse': 'True', 'cache_selected_only': 'False', 'profiles_dir': 'C:\\Users\\gabriel.b.alvarez\\.dbt', 'version_check': 'True', 'warn_error': 'None', 'log_path': 'logs', 'debug': 'False', 'fail_fast': 'False', 'use_colors': 'True', 'use_experimental_parser': 'False', 'empty': 'None', 'quiet': 'False', 'no_print': 'None', 'log_format': 'default', 'introspect': 'True', 'invocation_command': 'dbt init dbt_project', 'warn_error_options': 'WarnErrorOptionsV2(error=[], warn=[], silence=[])', 'target_path': 'None', 'static_parser': 'True', 'send_anonymous_usage_stats': 'True'}
[0m16:19:28.548768 [debug] [MainThread]: Starter project path: C:\Users\gabriel.b.alvarez\AppData\Local\Packages\PythonSoftwareFoundation.Python.3.12_qbz5n2kfra8p0\LocalCache\local-packages\Python312\site-packages\dbt\include\starter_project
[0m16:19:28.669810 [info ] [MainThread]: 
Your new dbt project "dbt_project" was created!

For more information on how to configure the profiles.yml file,
please consult the dbt documentation here:

  https://docs.getdbt.com/docs/configure-your-profile

One more thing:

Need help? Don't hesitate to reach out to us via GitHub issues or on Slack:

  https://community.getdbt.com/

Happy modeling!

[0m16:19:28.674376 [info ] [MainThread]: Setting up your profile.
[0m16:20:57.658271 [info ] [MainThread]: Profile dbt_project written to C:\Users\gabriel.b.alvarez\.dbt\profiles.yml using target's profile_template.yml and your supplied values. Run 'dbt debug' to validate the connection.
[0m16:20:57.671940 [debug] [MainThread]: Command `dbt init` succeeded at 16:20:57.670940 after 89.56 seconds
[0m16:20:57.674446 [debug] [MainThread]: Sending event: {'category': 'dbt', 'action': 'invocation', 'label': 'end', 'context': [<snowplow_tracker.self_describing_json.SelfDescribingJson object at 0x000001EEB4A921E0>, <snowplow_tracker.self_describing_json.SelfDescribingJson object at 0x000001EEB4A90C50>, <snowplow_tracker.self_describing_json.SelfDescribingJson object at 0x000001EEB48084A0>]}
[0m16:20:57.677013 [debug] [MainThread]: Flushing usage events
[0m16:20:58.571614 [debug] [MainThread]: An error was encountered while trying to flush usage events
